<?xml version="1.0" encoding="UTF-8"?>
<!-- Generated by org.testng.reporters.JUnitReportReporter -->
<testsuite hostname="adarsh-lapc" failures="0" tests="1" name="com.qa.trakpilf.tests.SearchResultsPageTest" time="7.856" errors="0" timestamp="2021-02-28T20:03:45 IST" skipped="0">
  <testcase classname="com.qa.trakpilf.tests.SearchResultsPageTest" name="validateMultipleFilters" time="7.856"/>
  <system-out/>
</testsuite> <!-- com.qa.trakpilf.tests.SearchResultsPageTest -->
